Performing C SOURCE FILE Test CMAKE_HAVE_LIBC_PTHREAD failed with the following output:
Change Dir: /home/bitterboyy/Documents/baub_chess/cmake-build-release/CMakeFiles/CMakeTmp

Run Build Command(s):/usr/bin/gmake cmTC_cfdb9/fast && /usr/bin/gmake  -f CMakeFiles/cmTC_cfdb9.dir/build.make CMakeFiles/cmTC_cfdb9.dir/build
gmake[1]: Entering directory '/home/bitterboyy/Documents/baub_chess/cmake-build-release/CMakeFiles/CMakeTmp'
Building C object CMakeFiles/cmTC_cfdb9.dir/src.c.o
/usr/bin/cc   -DCMAKE_HAVE_LIBC_PTHREAD   -o CMakeFiles/cmTC_cfdb9.dir/src.c.o   -c /home/bitterboyy/Documents/baub_chess/cmake-build-release/CMakeFiles/CMakeTmp/src.c
Linking C executable cmTC_cfdb9
/var/lib/snapd/snap/clion/137/bin/cmake/linux/bin/cmake -E cmake_link_script CMakeFiles/cmTC_cfdb9.dir/link.txt --verbose=1
/usr/bin/cc  -DCMAKE_HAVE_LIBC_PTHREAD    -rdynamic CMakeFiles/cmTC_cfdb9.dir/src.c.o  -o cmTC_cfdb9 
/usr/bin/ld: CMakeFiles/cmTC_cfdb9.dir/src.c.o: in function `main':
src.c:(.text+0x2d): undefined reference to `pthread_create'
/usr/bin/ld: src.c:(.text+0x39): undefined reference to `pthread_detach'
/usr/bin/ld: src.c:(.text+0x45): undefined reference to `pthread_cancel'
/usr/bin/ld: src.c:(.text+0x56): undefined reference to `pthread_join'
collect2: error: ld returned 1 exit status
gmake[1]: *** [CMakeFiles/cmTC_cfdb9.dir/build.make:107: cmTC_cfdb9] Error 1
gmake[1]: Leaving directory '/home/bitterboyy/Documents/baub_chess/cmake-build-release/CMakeFiles/CMakeTmp'
gmake: *** [Makefile:141: cmTC_cfdb9/fast] Error 2


Source file was:
#include <pthread.h>

void* test_func(void* data)
{
  return data;
}

int main(void)
{
  pthread_t thread;
  pthread_create(&thread, NULL, test_func, NULL);
  pthread_detach(thread);
  pthread_cancel(thread);
  pthread_join(thread, NULL);
  pthread_atfork(NULL, NULL, NULL);
  pthread_exit(NULL);

  return 0;
}

Determining if the function pthread_create exists in the pthreads failed with the following output:
Change Dir: /home/bitterboyy/Documents/baub_chess/cmake-build-release/CMakeFiles/CMakeTmp

Run Build Command(s):/usr/bin/gmake cmTC_735ce/fast && /usr/bin/gmake  -f CMakeFiles/cmTC_735ce.dir/build.make CMakeFiles/cmTC_735ce.dir/build
gmake[1]: Entering directory '/home/bitterboyy/Documents/baub_chess/cmake-build-release/CMakeFiles/CMakeTmp'
Building C object CMakeFiles/cmTC_735ce.dir/CheckFunctionExists.c.o
/usr/bin/cc   -DCHECK_FUNCTION_EXISTS=pthread_create   -o CMakeFiles/cmTC_735ce.dir/CheckFunctionExists.c.o   -c /var/lib/snapd/snap/clion/137/bin/cmake/linux/share/cmake-3.17/Modules/CheckFunctionExists.c
Linking C executable cmTC_735ce
/var/lib/snapd/snap/clion/137/bin/cmake/linux/bin/cmake -E cmake_link_script CMakeFiles/cmTC_735ce.dir/link.txt --verbose=1
/usr/bin/cc  -DCHECK_FUNCTION_EXISTS=pthread_create    -rdynamic CMakeFiles/cmTC_735ce.dir/CheckFunctionExists.c.o  -o cmTC_735ce  -lpthreads 
/usr/bin/ld: cannot find -lpthreads
collect2: error: ld returned 1 exit status
gmake[1]: *** [CMakeFiles/cmTC_735ce.dir/build.make:107: cmTC_735ce] Error 1
gmake[1]: Leaving directory '/home/bitterboyy/Documents/baub_chess/cmake-build-release/CMakeFiles/CMakeTmp'
gmake: *** [Makefile:141: cmTC_735ce/fast] Error 2



